Using pre-set license

 COMMAND LINE ARGUMENTS:
/Applications/Unity/Hub/Editor/2020.3.4f1/Unity.app/Contents/MacOS/Unity
-adb2
-batchMode
-noUpm
-name
AssetImportWorker0
-projectPath
/Users/albertogarciaruiz/Desktop/Unity/3D/PEC3/PEC3_3D
-logFile
Logs/AssetImportWorker0.log
-srvPort
51949
Successfully changed project path to: /Users/albertogarciaruiz/Desktop/Unity/3D/PEC3/PEC3_3D
/Users/albertogarciaruiz/Desktop/Unity/3D/PEC3/PEC3_3D
Using Asset Import Pipeline V2.
Refreshing native plugins compatible for Editor in 46.97 ms, found 1 plugins.
Preloading 0 native plugins for Editor in 0.00 ms.
Initialize engine version: 2020.3.4f1 (0abb6314276a)
[Subsystems] Discovering subsystems at path /Applications/Unity/Hub/Editor/2020.3.4f1/Unity.app/Contents/Resources/UnitySubsystems
[Subsystems] Discovering subsystems at path /Users/albertogarciaruiz/Desktop/Unity/3D/PEC3/PEC3_3D/Assets
GfxDevice: creating device client; threaded=0
2021-12-01 12:18:57.169 Unity[7693:181824] (null) preferred device: Apple M1 (high power)
2021-12-01 12:18:57.169 Unity[7693:181824] Metal devices available: 1
2021-12-01 12:18:57.169 Unity[7693:181824] 0: Apple M1 (high power)
2021-12-01 12:18:57.169 Unity[7693:181824] Using device Apple M1 (high power)
Initializing Metal device caps: Apple M1
Initialize mono
Mono path[0] = '/Applications/Unity/Hub/Editor/2020.3.4f1/Unity.app/Contents/Managed'
Mono path[1] = '/Applications/Unity/Hub/Editor/2020.3.4f1/Unity.app/Contents/MonoBleedingEdge/lib/mono/unityjit'
Mono config path = '/Applications/Unity/Hub/Editor/2020.3.4f1/Unity.app/Contents/MonoBleedingEdge/etc'
Using monoOptions --debugger-agent=transport=dt_socket,embedding=1,server=y,suspend=n,address=127.0.0.1:56693
Begin MonoManager ReloadAssembly
Registering precompiled unity dll's ...
Register platform support module: /Applications/Unity/Hub/Editor/2020.3.4f1/PlaybackEngines/WebGLSupport/UnityEditor.WebGL.Extensions.dll
Register platform support module: /Applications/Unity/Hub/Editor/2020.3.4f1/Unity.app/Contents/PlaybackEngines/MacStandaloneSupport/UnityEditor.OSXStandalone.Extensions.dll
Register platform support module: /Applications/Unity/Hub/Editor/2020.3.4f1/PlaybackEngines/WindowsStandaloneSupport/UnityEditor.WindowsStandalone.Extensions.dll
Registered in 0.003534 seconds.
Native extension for WindowsStandalone target not found
Native extension for OSXStandalone target not found
Native extension for WebGL target not found
Refreshing native plugins compatible for Editor in 45.83 ms, found 1 plugins.
Preloading 0 native plugins for Editor in 0.00 ms.
Mono: successfully reloaded assembly
- Completed reload, in  2.577 seconds
Platform modules already initialized, skipping
Registering precompiled user dll's ...
Registered in 0.001715 seconds.
Begin MonoManager ReloadAssembly
Native extension for WindowsStandalone target not found
Native extension for OSXStandalone target not found
Native extension for WebGL target not found
Refreshing native plugins compatible for Editor in 47.56 ms, found 1 plugins.
Preloading 0 native plugins for Editor in 0.00 ms.
Mono: successfully reloaded assembly
- Completed reload, in  3.666 seconds
Platform modules already initialized, skipping
========================================================================
Worker process is ready to serve import requests
Launching external process: /Applications/Unity/Hub/Editor/2020.3.4f1/Unity.app/Contents/Tools/UnityShaderCompiler
Launched and connected shader compiler UnityShaderCompiler after 0.03 seconds
Refreshing native plugins compatible for Editor in 0.40 ms, found 1 plugins.
Preloading 0 native plugins for Editor in 0.00 ms.
Unloading 2116 Unused Serialized files (Serialized files now loaded: 0)
System memory in use before: 288.4 MB.
System memory in use after: 288.1 MB.

Unloading 16 unused Assets to reduce memory usage. Loaded Objects now: 2581.
Total: 2.913500 ms (FindLiveObjects: 0.164541 ms CreateObjectMapping: 0.044917 ms MarkObjects: 2.290792 ms  DeleteObjects: 0.412375 ms)

========================================================================
Received Import Request.
  path: Assets/Animations/Player/Player.controller
  artifactKey: Guid(322ce73af263640a5942e87230e897f4) Importer(815301076,1909f56bfc062723c751e8b465ee728b)
Start importing Assets/Animations/Player/Player.controller using Guid(322ce73af263640a5942e87230e897f4) Importer(815301076,1909f56bfc062723c751e8b465ee728b)  -> (artifact id: '28a2f68f8751a13aa45dbebb9f290cc9') in 0.807054 seconds
  Import took 0.811632 seconds .

========================================================================
Received Import Request.
  Time since last request: 29.785321 seconds.
  path: Assets/Animations/Player/Player.controller
  artifactKey: Guid(322ce73af263640a5942e87230e897f4) Importer(815301076,1909f56bfc062723c751e8b465ee728b)
Start importing Assets/Animations/Player/Player.controller using Guid(322ce73af263640a5942e87230e897f4) Importer(815301076,1909f56bfc062723c751e8b465ee728b)  -> (artifact id: 'b4dee45431943887ad79792eb7488d86') in 0.019511 seconds
  Import took 0.025599 seconds .

========================================================================
Received Prepare
Registering precompiled user dll's ...
Registered in 0.001944 seconds.
Begin MonoManager ReloadAssembly
Native extension for WindowsStandalone target not found
Native extension for OSXStandalone target not found
Native extension for WebGL target not found
Refreshing native plugins compatible for Editor in 0.41 ms, found 1 plugins.
Preloading 0 native plugins for Editor in 0.00 ms.
Mono: successfully reloaded assembly
- Completed reload, in  2.174 seconds
Platform modules already initialized, skipping
Refreshing native plugins compatible for Editor in 0.40 ms, found 1 plugins.
Preloading 0 native plugins for Editor in 0.00 ms.
Unloading 2078 Unused Serialized files (Serialized files now loaded: 0)
System memory in use before: 290.2 MB.
System memory in use after: 289.9 MB.

Unloading 9 unused Assets to reduce memory usage. Loaded Objects now: 2584.
Total: 1.807583 ms (FindLiveObjects: 0.184792 ms CreateObjectMapping: 0.040959 ms MarkObjects: 1.296875 ms  DeleteObjects: 0.283917 ms)

========================================================================
Received Import Request.
  Time since last request: 106.873650 seconds.
  path: Assets/Animations/Player/Player.controller
  artifactKey: Guid(322ce73af263640a5942e87230e897f4) Importer(815301076,1909f56bfc062723c751e8b465ee728b)
Start importing Assets/Animations/Player/Player.controller using Guid(322ce73af263640a5942e87230e897f4) Importer(815301076,1909f56bfc062723c751e8b465ee728b)  -> (artifact id: '385335792cd78acb5aa67f8aae13493b') in 0.137129 seconds
  Import took 0.151578 seconds .

========================================================================
Received Prepare
Registering precompiled user dll's ...
Registered in 0.002081 seconds.
Begin MonoManager ReloadAssembly
Native extension for WindowsStandalone target not found
Native extension for OSXStandalone target not found
Native extension for WebGL target not found
Refreshing native plugins compatible for Editor in 0.41 ms, found 1 plugins.
Preloading 0 native plugins for Editor in 0.00 ms.
Mono: successfully reloaded assembly
- Completed reload, in  2.170 seconds
Platform modules already initialized, skipping
Refreshing native plugins compatible for Editor in 0.41 ms, found 1 plugins.
Preloading 0 native plugins for Editor in 0.00 ms.
Unloading 2078 Unused Serialized files (Serialized files now loaded: 0)
System memory in use before: 290.7 MB.
System memory in use after: 290.5 MB.

Unloading 9 unused Assets to reduce memory usage. Loaded Objects now: 2587.
Total: 1.909334 ms (FindLiveObjects: 0.194333 ms CreateObjectMapping: 0.041209 ms MarkObjects: 1.367041 ms  DeleteObjects: 0.305833 ms)

========================================================================
Received Prepare
Registering precompiled user dll's ...
Registered in 0.002321 seconds.
Begin MonoManager ReloadAssembly
Native extension for WindowsStandalone target not found
Native extension for OSXStandalone target not found
Native extension for WebGL target not found
Refreshing native plugins compatible for Editor in 0.40 ms, found 1 plugins.
Preloading 0 native plugins for Editor in 0.00 ms.
Mono: successfully reloaded assembly
- Completed reload, in  2.263 seconds
Platform modules already initialized, skipping
Refreshing native plugins compatible for Editor in 0.43 ms, found 1 plugins.
Preloading 0 native plugins for Editor in 0.00 ms.
Unloading 2078 Unused Serialized files (Serialized files now loaded: 0)
System memory in use before: 291.4 MB.
System memory in use after: 291.2 MB.

Unloading 9 unused Assets to reduce memory usage. Loaded Objects now: 2590.
Total: 6.752583 ms (FindLiveObjects: 4.309959 ms CreateObjectMapping: 0.069750 ms MarkObjects: 1.955625 ms  DeleteObjects: 0.415708 ms)

========================================================================
Received Prepare
Registering precompiled user dll's ...
Registered in 0.002392 seconds.
Begin MonoManager ReloadAssembly
Native extension for WindowsStandalone target not found
Native extension for OSXStandalone target not found
Native extension for WebGL target not found
Refreshing native plugins compatible for Editor in 0.40 ms, found 1 plugins.
Preloading 0 native plugins for Editor in 0.00 ms.
Mono: successfully reloaded assembly
- Completed reload, in  2.232 seconds
Platform modules already initialized, skipping
Refreshing native plugins compatible for Editor in 0.41 ms, found 1 plugins.
Preloading 0 native plugins for Editor in 0.00 ms.
Unloading 2078 Unused Serialized files (Serialized files now loaded: 0)
System memory in use before: 292.1 MB.
System memory in use after: 291.8 MB.

Unloading 9 unused Assets to reduce memory usage. Loaded Objects now: 2593.
Total: 2.031875 ms (FindLiveObjects: 0.233375 ms CreateObjectMapping: 0.041958 ms MarkObjects: 1.414125 ms  DeleteObjects: 0.338334 ms)

========================================================================
Received Import Request.
  Time since last request: 2182.673404 seconds.
  path: Assets/Scripts/Enemy
  artifactKey: Guid(8b027c8954fa94a5fba27b0eb140177c) Importer(815301076,1909f56bfc062723c751e8b465ee728b)
Start importing Assets/Scripts/Enemy using Guid(8b027c8954fa94a5fba27b0eb140177c) Importer(815301076,1909f56bfc062723c751e8b465ee728b)  -> (artifact id: '0d2e326a6d1ef4315a48022969a96f0f') in 0.022553 seconds
  Import took 0.039229 seconds .

========================================================================
Received Import Request.
  Time since last request: 39.334799 seconds.
  path: Assets/Scripts/Enemy/EnemyStats.cs
  artifactKey: Guid(2f387c653a7014040a876e004cdf09a2) Importer(815301076,1909f56bfc062723c751e8b465ee728b)
Start importing Assets/Scripts/Enemy/EnemyStats.cs using Guid(2f387c653a7014040a876e004cdf09a2) Importer(815301076,1909f56bfc062723c751e8b465ee728b)  -> (artifact id: '7a7ef20ecd5045238de11de12381998f') in 0.302187 seconds
  Import took 0.312582 seconds .

========================================================================
Received Prepare
Registering precompiled user dll's ...
Registered in 0.001238 seconds.
Begin MonoManager ReloadAssembly
Native extension for WindowsStandalone target not found
Native extension for OSXStandalone target not found
Native extension for WebGL target not found
Refreshing native plugins compatible for Editor in 0.60 ms, found 1 plugins.
Preloading 0 native plugins for Editor in 0.00 ms.
Mono: successfully reloaded assembly
- Completed reload, in  2.558 seconds
Platform modules already initialized, skipping
Refreshing native plugins compatible for Editor in 2.16 ms, found 1 plugins.
Preloading 0 native plugins for Editor in 0.00 ms.
Unloading 2085 Unused Serialized files (Serialized files now loaded: 0)
System memory in use before: 297.3 MB.
System memory in use after: 297.1 MB.

Unloading 9 unused Assets to reduce memory usage. Loaded Objects now: 2603.
Total: 7.506417 ms (FindLiveObjects: 0.557542 ms CreateObjectMapping: 0.109375 ms MarkObjects: 5.998834 ms  DeleteObjects: 0.838875 ms)

========================================================================
Received Import Request.
  Time since last request: 1433.490830 seconds.
  path: Assets/Scripts/Enemy/EnemyStats.cs
  artifactKey: Guid(2f387c653a7014040a876e004cdf09a2) Importer(815301076,1909f56bfc062723c751e8b465ee728b)
Start importing Assets/Scripts/Enemy/EnemyStats.cs using Guid(2f387c653a7014040a876e004cdf09a2) Importer(815301076,1909f56bfc062723c751e8b465ee728b)  -> (artifact id: 'caff4b0767e4c3682e5f0443abf4c7be') in 0.016553 seconds
  Import took 0.022999 seconds .

========================================================================
Received Prepare
Registering precompiled user dll's ...
Registered in 0.001289 seconds.
Begin MonoManager ReloadAssembly
Native extension for WindowsStandalone target not found
Native extension for OSXStandalone target not found
Native extension for WebGL target not found
Refreshing native plugins compatible for Editor in 0.44 ms, found 1 plugins.
Preloading 0 native plugins for Editor in 0.00 ms.
Mono: successfully reloaded assembly
- Completed reload, in  2.586 seconds
Platform modules already initialized, skipping
Refreshing native plugins compatible for Editor in 0.39 ms, found 1 plugins.
Preloading 0 native plugins for Editor in 0.00 ms.
Unloading 2085 Unused Serialized files (Serialized files now loaded: 0)
System memory in use before: 298.0 MB.
System memory in use after: 297.8 MB.

Unloading 9 unused Assets to reduce memory usage. Loaded Objects now: 2606.
Total: 3.202625 ms (FindLiveObjects: 0.293625 ms CreateObjectMapping: 0.041834 ms MarkObjects: 2.376709 ms  DeleteObjects: 0.489292 ms)

========================================================================
Received Import Request.
  Time since last request: 3203.440022 seconds.
  path: Assets/Scripts/Enemy/EnemyAI.cs
  artifactKey: Guid(891acba0245da4cb38f2eb66d28458c2) Importer(815301076,1909f56bfc062723c751e8b465ee728b)
Start importing Assets/Scripts/Enemy/EnemyAI.cs using Guid(891acba0245da4cb38f2eb66d28458c2) Importer(815301076,1909f56bfc062723c751e8b465ee728b)  -> (artifact id: '6897a9415071278bf3dae35d0dd41fe0') in 0.029413 seconds
  Import took 0.047627 seconds .

========================================================================
Received Import Request.
  Time since last request: 0.090395 seconds.
  path: Assets/Scripts/Enemy/EnemyAI.cs
  artifactKey: Guid(891acba0245da4cb38f2eb66d28458c2) Importer(815301076,1909f56bfc062723c751e8b465ee728b)
Start importing Assets/Scripts/Enemy/EnemyAI.cs using Guid(891acba0245da4cb38f2eb66d28458c2) Importer(815301076,1909f56bfc062723c751e8b465ee728b)  -> (artifact id: '6897a9415071278bf3dae35d0dd41fe0') in 0.002042 seconds
  Import took 0.004921 seconds .

========================================================================
Received Prepare
Registering precompiled user dll's ...
Registered in 0.001891 seconds.
Begin MonoManager ReloadAssembly
Native extension for WindowsStandalone target not found
Native extension for OSXStandalone target not found
Native extension for WebGL target not found
Refreshing native plugins compatible for Editor in 1.14 ms, found 1 plugins.
Preloading 0 native plugins for Editor in 0.00 ms.
Mono: successfully reloaded assembly
- Completed reload, in  2.845 seconds
Platform modules already initialized, skipping
Refreshing native plugins compatible for Editor in 0.41 ms, found 1 plugins.
Preloading 0 native plugins for Editor in 0.00 ms.
Unloading 2085 Unused Serialized files (Serialized files now loaded: 0)
System memory in use before: 298.8 MB.
System memory in use after: 298.5 MB.

Unloading 9 unused Assets to reduce memory usage. Loaded Objects now: 2609.
Total: 4.235041 ms (FindLiveObjects: 0.377250 ms CreateObjectMapping: 0.060375 ms MarkObjects: 3.222042 ms  DeleteObjects: 0.574500 ms)

========================================================================
Received Import Request.
  Time since last request: 536.195167 seconds.
  path: Assets/Scripts/Enemy/EnemyAI.cs
  artifactKey: Guid(891acba0245da4cb38f2eb66d28458c2) Importer(815301076,1909f56bfc062723c751e8b465ee728b)
Start importing Assets/Scripts/Enemy/EnemyAI.cs using Guid(891acba0245da4cb38f2eb66d28458c2) Importer(815301076,1909f56bfc062723c751e8b465ee728b)  -> (artifact id: '5abd9fab28535f08a0138e36719156a3') in 0.013557 seconds
  Import took 0.017704 seconds .

========================================================================
Received Prepare
Registering precompiled user dll's ...
Registered in 0.005147 seconds.
Begin MonoManager ReloadAssembly
Native extension for WindowsStandalone target not found
Native extension for OSXStandalone target not found
Native extension for WebGL target not found
Refreshing native plugins compatible for Editor in 0.71 ms, found 1 plugins.
Preloading 0 native plugins for Editor in 0.00 ms.
Mono: successfully reloaded assembly
- Completed reload, in  2.533 seconds
Platform modules already initialized, skipping
Refreshing native plugins compatible for Editor in 0.39 ms, found 1 plugins.
Preloading 0 native plugins for Editor in 0.00 ms.
Unloading 2085 Unused Serialized files (Serialized files now loaded: 0)
System memory in use before: 299.5 MB.
System memory in use after: 299.2 MB.

Unloading 9 unused Assets to reduce memory usage. Loaded Objects now: 2612.
Total: 2.510833 ms (FindLiveObjects: 0.171958 ms CreateObjectMapping: 0.044750 ms MarkObjects: 1.973458 ms  DeleteObjects: 0.319500 ms)

========================================================================
Received Prepare
Registering precompiled user dll's ...
Registered in 0.001125 seconds.
Begin MonoManager ReloadAssembly
Native extension for WindowsStandalone target not found
Native extension for OSXStandalone target not found
Native extension for WebGL target not found
Refreshing native plugins compatible for Editor in 0.40 ms, found 1 plugins.
Preloading 0 native plugins for Editor in 0.00 ms.
Mono: successfully reloaded assembly
- Completed reload, in  2.590 seconds
Platform modules already initialized, skipping
Refreshing native plugins compatible for Editor in 0.73 ms, found 1 plugins.
Preloading 0 native plugins for Editor in 0.00 ms.
Unloading 2085 Unused Serialized files (Serialized files now loaded: 0)
System memory in use before: 300.1 MB.
System memory in use after: 299.9 MB.

Unloading 9 unused Assets to reduce memory usage. Loaded Objects now: 2615.
Total: 4.343750 ms (FindLiveObjects: 0.595542 ms CreateObjectMapping: 0.066375 ms MarkObjects: 3.238208 ms  DeleteObjects: 0.442167 ms)

========================================================================
Received Prepare
Registering precompiled user dll's ...
Registered in 0.004253 seconds.
Begin MonoManager ReloadAssembly
Native extension for WindowsStandalone target not found
Native extension for OSXStandalone target not found
Native extension for WebGL target not found
Refreshing native plugins compatible for Editor in 0.41 ms, found 1 plugins.
Preloading 0 native plugins for Editor in 0.00 ms.
Mono: successfully reloaded assembly
- Completed reload, in  2.315 seconds
Platform modules already initialized, skipping
Refreshing native plugins compatible for Editor in 0.40 ms, found 1 plugins.
Preloading 0 native plugins for Editor in 0.00 ms.
Unloading 2085 Unused Serialized files (Serialized files now loaded: 0)
System memory in use before: 300.8 MB.
System memory in use after: 300.5 MB.

Unloading 9 unused Assets to reduce memory usage. Loaded Objects now: 2618.
Total: 1.983500 ms (FindLiveObjects: 0.249500 ms CreateObjectMapping: 0.042917 ms MarkObjects: 1.348291 ms  DeleteObjects: 0.341709 ms)

========================================================================
Received Prepare
Registering precompiled user dll's ...
Registered in 0.001991 seconds.
Begin MonoManager ReloadAssembly
Native extension for WindowsStandalone target not found
Native extension for OSXStandalone target not found
Native extension for WebGL target not found
Refreshing native plugins compatible for Editor in 0.38 ms, found 1 plugins.
Preloading 0 native plugins for Editor in 0.00 ms.
Mono: successfully reloaded assembly
- Completed reload, in  2.293 seconds
Platform modules already initialized, skipping
Refreshing native plugins compatible for Editor in 0.41 ms, found 1 plugins.
Preloading 0 native plugins for Editor in 0.00 ms.
Unloading 2085 Unused Serialized files (Serialized files now loaded: 0)
System memory in use before: 301.5 MB.
System memory in use after: 301.2 MB.

Unloading 9 unused Assets to reduce memory usage. Loaded Objects now: 2621.
Total: 2.006333 ms (FindLiveObjects: 0.279167 ms CreateObjectMapping: 0.047291 ms MarkObjects: 1.333459 ms  DeleteObjects: 0.345375 ms)

========================================================================
Received Prepare
Registering precompiled user dll's ...
Registered in 0.007543 seconds.
Begin MonoManager ReloadAssembly
Native extension for WindowsStandalone target not found
Native extension for OSXStandalone target not found
Native extension for WebGL target not found
Refreshing native plugins compatible for Editor in 0.39 ms, found 1 plugins.
Preloading 0 native plugins for Editor in 0.00 ms.
Mono: successfully reloaded assembly
- Completed reload, in  2.324 seconds
Platform modules already initialized, skipping
Refreshing native plugins compatible for Editor in 0.41 ms, found 1 plugins.
Preloading 0 native plugins for Editor in 0.00 ms.
Unloading 2085 Unused Serialized files (Serialized files now loaded: 0)
System memory in use before: 302.2 MB.
System memory in use after: 302.0 MB.

Unloading 9 unused Assets to reduce memory usage. Loaded Objects now: 2624.
Total: 2.125458 ms (FindLiveObjects: 0.231083 ms CreateObjectMapping: 0.042625 ms MarkObjects: 1.484792 ms  DeleteObjects: 0.365666 ms)

========================================================================
Received Import Request.
  Time since last request: 417.782426 seconds.
  path: Assets/Animations/Enemies/Zombie.controller
  artifactKey: Guid(ee343e76e378f4a48b4a80c3a411f03c) Importer(815301076,1909f56bfc062723c751e8b465ee728b)
Start importing Assets/Animations/Enemies/Zombie.controller using Guid(ee343e76e378f4a48b4a80c3a411f03c) Importer(815301076,1909f56bfc062723c751e8b465ee728b)  -> (artifact id: '5281f6939f77c2ff964e5658c737eb4c') in 0.060798 seconds
  Import took 0.076348 seconds .

========================================================================
Received Prepare
Registering precompiled user dll's ...
Registered in 0.001875 seconds.
Begin MonoManager ReloadAssembly
Native extension for WindowsStandalone target not found
Native extension for OSXStandalone target not found
Native extension for WebGL target not found
Refreshing native plugins compatible for Editor in 0.41 ms, found 1 plugins.
Preloading 0 native plugins for Editor in 0.00 ms.
Mono: successfully reloaded assembly
- Completed reload, in  2.382 seconds
Platform modules already initialized, skipping
Refreshing native plugins compatible for Editor in 0.72 ms, found 1 plugins.
Preloading 0 native plugins for Editor in 0.00 ms.
Unloading 2085 Unused Serialized files (Serialized files now loaded: 0)
System memory in use before: 302.9 MB.
System memory in use after: 302.7 MB.

Unloading 9 unused Assets to reduce memory usage. Loaded Objects now: 2627.
Total: 2.044459 ms (FindLiveObjects: 0.207916 ms CreateObjectMapping: 0.044000 ms MarkObjects: 1.423292 ms  DeleteObjects: 0.367667 ms)

========================================================================
Received Import Request.
  Time since last request: 105.347923 seconds.
  path: Assets/Animations/Enemies/zombiegirl_w_kurniawan@Zombie Walk.fbx
  artifactKey: Guid(4e0d597ef2857419b9b91766b9b24dea) Importer(815301076,1909f56bfc062723c751e8b465ee728b)
Start importing Assets/Animations/Enemies/zombiegirl_w_kurniawan@Zombie Walk.fbx using Guid(4e0d597ef2857419b9b91766b9b24dea) Importer(815301076,1909f56bfc062723c751e8b465ee728b)  -> (artifact id: '96a2e7b541ce49004299a2c66ca69094') in 0.681752 seconds
  Import took 0.697006 seconds .

========================================================================
Received Prepare
Registering precompiled user dll's ...
Registered in 0.001878 seconds.
Begin MonoManager ReloadAssembly
Native extension for WindowsStandalone target not found
Native extension for OSXStandalone target not found
Native extension for WebGL target not found
Refreshing native plugins compatible for Editor in 0.39 ms, found 1 plugins.
Preloading 0 native plugins for Editor in 0.00 ms.
Mono: successfully reloaded assembly
- Completed reload, in  2.297 seconds
Platform modules already initialized, skipping
Refreshing native plugins compatible for Editor in 0.39 ms, found 1 plugins.
Preloading 0 native plugins for Editor in 0.00 ms.
Unloading 2085 Unused Serialized files (Serialized files now loaded: 0)
System memory in use before: 307.8 MB.
System memory in use after: 307.6 MB.

Unloading 9 unused Assets to reduce memory usage. Loaded Objects now: 2630.
Total: 1.915417 ms (FindLiveObjects: 0.188208 ms CreateObjectMapping: 0.043125 ms MarkObjects: 1.342416 ms  DeleteObjects: 0.340583 ms)

========================================================================
Received Prepare
Registering precompiled user dll's ...
Registered in 0.001384 seconds.
Begin MonoManager ReloadAssembly
Native extension for WindowsStandalone target not found
Native extension for OSXStandalone target not found
Native extension for WebGL target not found
Refreshing native plugins compatible for Editor in 0.49 ms, found 1 plugins.
Preloading 0 native plugins for Editor in 0.00 ms.
Mono: successfully reloaded assembly
- Completed reload, in  2.681 seconds
Platform modules already initialized, skipping
Refreshing native plugins compatible for Editor in 0.40 ms, found 1 plugins.
Preloading 0 native plugins for Editor in 0.00 ms.
Unloading 2085 Unused Serialized files (Serialized files now loaded: 0)
System memory in use before: 308.5 MB.
System memory in use after: 308.2 MB.

Unloading 9 unused Assets to reduce memory usage. Loaded Objects now: 2633.
Total: 2.917209 ms (FindLiveObjects: 0.282875 ms CreateObjectMapping: 0.045084 ms MarkObjects: 2.239958 ms  DeleteObjects: 0.348167 ms)

========================================================================
Received Prepare
Registering precompiled user dll's ...
Registered in 0.002648 seconds.
Begin MonoManager ReloadAssembly
Native extension for WindowsStandalone target not found
Native extension for OSXStandalone target not found
Native extension for WebGL target not found
Refreshing native plugins compatible for Editor in 0.39 ms, found 1 plugins.
Preloading 0 native plugins for Editor in 0.00 ms.
Mono: successfully reloaded assembly
- Completed reload, in  2.421 seconds
Platform modules already initialized, skipping
Refreshing native plugins compatible for Editor in 0.38 ms, found 1 plugins.
Preloading 0 native plugins for Editor in 0.00 ms.
Unloading 2085 Unused Serialized files (Serialized files now loaded: 0)
System memory in use before: 309.2 MB.
System memory in use after: 308.9 MB.

Unloading 9 unused Assets to reduce memory usage. Loaded Objects now: 2636.
Total: 1.873958 ms (FindLiveObjects: 0.205667 ms CreateObjectMapping: 0.043750 ms MarkObjects: 1.286500 ms  DeleteObjects: 0.333917 ms)

========================================================================
Received Prepare
Registering precompiled user dll's ...
Registered in 0.001450 seconds.
Begin MonoManager ReloadAssembly
Native extension for WindowsStandalone target not found
Native extension for OSXStandalone target not found
Native extension for WebGL target not found
Refreshing native plugins compatible for Editor in 0.47 ms, found 1 plugins.
Preloading 0 native plugins for Editor in 0.00 ms.
Mono: successfully reloaded assembly
- Completed reload, in  2.553 seconds
Platform modules already initialized, skipping
Refreshing native plugins compatible for Editor in 0.63 ms, found 1 plugins.
Preloading 0 native plugins for Editor in 0.00 ms.
Unloading 2085 Unused Serialized files (Serialized files now loaded: 0)
System memory in use before: 309.9 MB.
System memory in use after: 309.7 MB.

Unloading 9 unused Assets to reduce memory usage. Loaded Objects now: 2639.
Total: 2.864708 ms (FindLiveObjects: 1.003875 ms CreateObjectMapping: 0.041084 ms MarkObjects: 1.380666 ms  DeleteObjects: 0.437292 ms)

========================================================================
Received Prepare
Registering precompiled user dll's ...
Registered in 0.003422 seconds.
Begin MonoManager ReloadAssembly
Native extension for WindowsStandalone target not found
Native extension for OSXStandalone target not found
Native extension for WebGL target not found
Refreshing native plugins compatible for Editor in 0.39 ms, found 1 plugins.
Preloading 0 native plugins for Editor in 0.00 ms.
Mono: successfully reloaded assembly
- Completed reload, in  2.268 seconds
Platform modules already initialized, skipping
Refreshing native plugins compatible for Editor in 0.89 ms, found 1 plugins.
Preloading 0 native plugins for Editor in 0.00 ms.
Unloading 2085 Unused Serialized files (Serialized files now loaded: 0)
System memory in use before: 310.6 MB.
System memory in use after: 310.4 MB.

Unloading 9 unused Assets to reduce memory usage. Loaded Objects now: 2642.
Total: 3.097708 ms (FindLiveObjects: 0.315750 ms CreateObjectMapping: 0.045542 ms MarkObjects: 2.042625 ms  DeleteObjects: 0.692958 ms)

========================================================================
Received Import Request.
  Time since last request: 459.334422 seconds.
  path: Assets/Animations/Player/Player.controller
  artifactKey: Guid(322ce73af263640a5942e87230e897f4) Importer(815301076,1909f56bfc062723c751e8b465ee728b)
Start importing Assets/Animations/Player/Player.controller using Guid(322ce73af263640a5942e87230e897f4) Importer(815301076,1909f56bfc062723c751e8b465ee728b)  -> (artifact id: 'a4753373932f95fedfe3d5bb5be895bb') in 0.116226 seconds
  Import took 0.127726 seconds .

========================================================================
Received Prepare
Registering precompiled user dll's ...
Registered in 0.003334 seconds.
Begin MonoManager ReloadAssembly
Native extension for WindowsStandalone target not found
Native extension for OSXStandalone target not found
Native extension for WebGL target not found
Refreshing native plugins compatible for Editor in 0.39 ms, found 1 plugins.
Preloading 0 native plugins for Editor in 0.00 ms.
Mono: successfully reloaded assembly
- Completed reload, in  2.322 seconds
Platform modules already initialized, skipping
Refreshing native plugins compatible for Editor in 0.40 ms, found 1 plugins.
Preloading 0 native plugins for Editor in 0.00 ms.
Unloading 2085 Unused Serialized files (Serialized files now loaded: 0)
System memory in use before: 311.3 MB.
System memory in use after: 311.0 MB.

Unloading 9 unused Assets to reduce memory usage. Loaded Objects now: 2645.
Total: 1.908833 ms (FindLiveObjects: 0.170708 ms CreateObjectMapping: 0.042458 ms MarkObjects: 1.341375 ms  DeleteObjects: 0.353292 ms)

========================================================================
Received Import Request.
  Time since last request: 47.107001 seconds.
  path: Assets/Animations/Player/pistol_shoot.fbx
  artifactKey: Guid(0caff4e361d4c42d794f682419232af1) Importer(815301076,1909f56bfc062723c751e8b465ee728b)
Start importing Assets/Animations/Player/pistol_shoot.fbx using Guid(0caff4e361d4c42d794f682419232af1) Importer(815301076,1909f56bfc062723c751e8b465ee728b)  -> (artifact id: 'fcb8222a067f4ea21a83bcddda83a8d7') in 0.066613 seconds
  Import took 0.069460 seconds .

========================================================================
Received Import Request.
  Time since last request: 37.825637 seconds.
  path: Assets/ScriptableObjects/Pistol.asset
  artifactKey: Guid(14b911658d38b4438a623727a0130690) Importer(815301076,1909f56bfc062723c751e8b465ee728b)
Start importing Assets/ScriptableObjects/Pistol.asset using Guid(14b911658d38b4438a623727a0130690) Importer(815301076,1909f56bfc062723c751e8b465ee728b)  -> (artifact id: '8f7dfb293583a424cf94ff8b4d891637') in 0.562781 seconds
  Import took 0.575511 seconds .

========================================================================
Received Prepare
Registering precompiled user dll's ...
Registered in 0.003348 seconds.
Begin MonoManager ReloadAssembly
Native extension for WindowsStandalone target not found
Native extension for OSXStandalone target not found
Native extension for WebGL target not found
Refreshing native plugins compatible for Editor in 0.41 ms, found 1 plugins.
Preloading 0 native plugins for Editor in 0.00 ms.
Mono: successfully reloaded assembly
- Completed reload, in  2.186 seconds
Platform modules already initialized, skipping
Refreshing native plugins compatible for Editor in 0.39 ms, found 1 plugins.
Preloading 0 native plugins for Editor in 0.00 ms.
Unloading 2085 Unused Serialized files (Serialized files now loaded: 0)
System memory in use before: 316.2 MB.
System memory in use after: 315.9 MB.

Unloading 9 unused Assets to reduce memory usage. Loaded Objects now: 2648.
Total: 1.876250 ms (FindLiveObjects: 0.159916 ms CreateObjectMapping: 0.041959 ms MarkObjects: 1.343459 ms  DeleteObjects: 0.330250 ms)

========================================================================
Received Import Request.
  Time since last request: 51.202868 seconds.
  path: Assets/ScriptableObjects/Pistol.asset
  artifactKey: Guid(14b911658d38b4438a623727a0130690) Importer(815301076,1909f56bfc062723c751e8b465ee728b)
Start importing Assets/ScriptableObjects/Pistol.asset using Guid(14b911658d38b4438a623727a0130690) Importer(815301076,1909f56bfc062723c751e8b465ee728b)  -> (artifact id: '33c9f4f0333267a1be8ce8f64533707b') in 0.032065 seconds
  Import took 0.036065 seconds .

