Using pre-set license

 COMMAND LINE ARGUMENTS:
/Applications/Unity/Hub/Editor/2020.3.4f1/Unity.app/Contents/MacOS/Unity
-adb2
-batchMode
-noUpm
-name
AssetImportWorker0
-projectPath
/Users/albertogarciaruiz/Desktop/Unity/3D/PEC3/PEC3_3D
-logFile
Logs/AssetImportWorker0.log
-srvPort
52522
Successfully changed project path to: /Users/albertogarciaruiz/Desktop/Unity/3D/PEC3/PEC3_3D
/Users/albertogarciaruiz/Desktop/Unity/3D/PEC3/PEC3_3D
Using Asset Import Pipeline V2.
Refreshing native plugins compatible for Editor in 77.68 ms, found 1 plugins.
Preloading 0 native plugins for Editor in 0.00 ms.
Initialize engine version: 2020.3.4f1 (0abb6314276a)
[Subsystems] Discovering subsystems at path /Applications/Unity/Hub/Editor/2020.3.4f1/Unity.app/Contents/Resources/UnitySubsystems
[Subsystems] Discovering subsystems at path /Users/albertogarciaruiz/Desktop/Unity/3D/PEC3/PEC3_3D/Assets
GfxDevice: creating device client; threaded=0
2021-12-01 15:03:03.300 Unity[10893:250958] (null) preferred device: Apple M1 (high power)
2021-12-01 15:03:03.300 Unity[10893:250958] Metal devices available: 1
2021-12-01 15:03:03.300 Unity[10893:250958] 0: Apple M1 (high power)
2021-12-01 15:03:03.301 Unity[10893:250958] Using device Apple M1 (high power)
Initializing Metal device caps: Apple M1
Initialize mono
Mono path[0] = '/Applications/Unity/Hub/Editor/2020.3.4f1/Unity.app/Contents/Managed'
Mono path[1] = '/Applications/Unity/Hub/Editor/2020.3.4f1/Unity.app/Contents/MonoBleedingEdge/lib/mono/unityjit'
Mono config path = '/Applications/Unity/Hub/Editor/2020.3.4f1/Unity.app/Contents/MonoBleedingEdge/etc'
Using monoOptions --debugger-agent=transport=dt_socket,embedding=1,server=y,suspend=n,address=127.0.0.1:56893
Begin MonoManager ReloadAssembly
Registering precompiled unity dll's ...
Register platform support module: /Applications/Unity/Hub/Editor/2020.3.4f1/PlaybackEngines/WebGLSupport/UnityEditor.WebGL.Extensions.dll
Register platform support module: /Applications/Unity/Hub/Editor/2020.3.4f1/Unity.app/Contents/PlaybackEngines/MacStandaloneSupport/UnityEditor.OSXStandalone.Extensions.dll
Register platform support module: /Applications/Unity/Hub/Editor/2020.3.4f1/PlaybackEngines/WindowsStandaloneSupport/UnityEditor.WindowsStandalone.Extensions.dll
Registered in 0.002680 seconds.
Native extension for WindowsStandalone target not found
Native extension for OSXStandalone target not found
Native extension for WebGL target not found
Refreshing native plugins compatible for Editor in 57.21 ms, found 1 plugins.
Preloading 0 native plugins for Editor in 0.00 ms.
Mono: successfully reloaded assembly
- Completed reload, in  3.141 seconds
Platform modules already initialized, skipping
Registering precompiled user dll's ...
Registered in 0.002852 seconds.
Begin MonoManager ReloadAssembly
Native extension for WindowsStandalone target not found
Native extension for OSXStandalone target not found
Native extension for WebGL target not found
Refreshing native plugins compatible for Editor in 46.69 ms, found 1 plugins.
Preloading 0 native plugins for Editor in 0.00 ms.
Mono: successfully reloaded assembly
- Completed reload, in  3.841 seconds
Platform modules already initialized, skipping
========================================================================
Worker process is ready to serve import requests
Launching external process: /Applications/Unity/Hub/Editor/2020.3.4f1/Unity.app/Contents/Tools/UnityShaderCompiler
Launched and connected shader compiler UnityShaderCompiler after 0.05 seconds
Refreshing native plugins compatible for Editor in 0.59 ms, found 1 plugins.
Preloading 0 native plugins for Editor in 0.00 ms.
Unloading 2123 Unused Serialized files (Serialized files now loaded: 0)
System memory in use before: 289.4 MB.
System memory in use after: 289.1 MB.

Unloading 16 unused Assets to reduce memory usage. Loaded Objects now: 2588.
Total: 4.314708 ms (FindLiveObjects: 0.369000 ms CreateObjectMapping: 0.042792 ms MarkObjects: 3.293083 ms  DeleteObjects: 0.608917 ms)

========================================================================
Received Import Request.
  path: Assets/Scripts/Enemy/EnemyAI.cs
  artifactKey: Guid(891acba0245da4cb38f2eb66d28458c2) Importer(815301076,1909f56bfc062723c751e8b465ee728b)
Start importing Assets/Scripts/Enemy/EnemyAI.cs using Guid(891acba0245da4cb38f2eb66d28458c2) Importer(815301076,1909f56bfc062723c751e8b465ee728b)  -> (artifact id: '92511447e2e0ff19ed26be54a0cb9271') in 0.408468 seconds
  Import took 0.412542 seconds .

========================================================================
Received Import Request.
  Time since last request: 125.171795 seconds.
  path: Assets/Animations/Enemies/zombiegirl_w_kurniawan@Zombie Turn.fbx
  artifactKey: Guid(e41f5b9e964824749b054fa40f72622c) Importer(815301076,1909f56bfc062723c751e8b465ee728b)
Start importing Assets/Animations/Enemies/zombiegirl_w_kurniawan@Zombie Turn.fbx using Guid(e41f5b9e964824749b054fa40f72622c) Importer(815301076,1909f56bfc062723c751e8b465ee728b)  -> (artifact id: '7f0f5cf5cc3bd58423098a12638c7c21') in 0.947588 seconds
  Import took 0.987859 seconds .

========================================================================
Received Import Request.
  Time since last request: 9.022159 seconds.
  path: Assets/Animations/Enemies/zombiegirl_w_kurniawan@Zombie Turn.fbx
  artifactKey: Guid(e41f5b9e964824749b054fa40f72622c) Importer(815301076,1909f56bfc062723c751e8b465ee728b)
Start importing Assets/Animations/Enemies/zombiegirl_w_kurniawan@Zombie Turn.fbx using Guid(e41f5b9e964824749b054fa40f72622c) Importer(815301076,1909f56bfc062723c751e8b465ee728b)  -> (artifact id: '875f469b4934b2c021eb0782e5516eb4') in 0.011281 seconds
  Import took 0.021276 seconds .

========================================================================
Received Import Request.
  Time since last request: 0.023527 seconds.
  path: Assets/Animations/Enemies/zombiegirl_w_kurniawan@Zombie Turn.fbx
  artifactKey: Guid(e41f5b9e964824749b054fa40f72622c) Importer(815301076,1909f56bfc062723c751e8b465ee728b)
Start importing Assets/Animations/Enemies/zombiegirl_w_kurniawan@Zombie Turn.fbx using Guid(e41f5b9e964824749b054fa40f72622c) Importer(815301076,1909f56bfc062723c751e8b465ee728b)  -> (artifact id: '875f469b4934b2c021eb0782e5516eb4') in 0.030419 seconds
  Import took 0.035301 seconds .

========================================================================
Received Import Request.
  Time since last request: 79.881466 seconds.
  path: Assets/Animations/Enemies/Zombie.controller
  artifactKey: Guid(ee343e76e378f4a48b4a80c3a411f03c) Importer(815301076,1909f56bfc062723c751e8b465ee728b)
Start importing Assets/Animations/Enemies/Zombie.controller using Guid(ee343e76e378f4a48b4a80c3a411f03c) Importer(815301076,1909f56bfc062723c751e8b465ee728b)  -> (artifact id: '55ae1268886e94f7525858881cc89232') in 0.301934 seconds
  Import took 0.313055 seconds .

========================================================================
Received Import Request.
  Time since last request: 219.866789 seconds.
  path: Assets/Animations/Enemies/Zombie.controller
  artifactKey: Guid(ee343e76e378f4a48b4a80c3a411f03c) Importer(815301076,1909f56bfc062723c751e8b465ee728b)
Start importing Assets/Animations/Enemies/Zombie.controller using Guid(ee343e76e378f4a48b4a80c3a411f03c) Importer(815301076,1909f56bfc062723c751e8b465ee728b)  -> (artifact id: 'b71637bb39fe7661464cab83c313349a') in 0.016377 seconds
  Import took 0.028997 seconds .

========================================================================
Received Prepare
Registering precompiled user dll's ...
Registered in 0.002281 seconds.
Begin MonoManager ReloadAssembly
Native extension for WindowsStandalone target not found
Native extension for OSXStandalone target not found
Native extension for WebGL target not found
Refreshing native plugins compatible for Editor in 0.42 ms, found 1 plugins.
Preloading 0 native plugins for Editor in 0.00 ms.
Mono: successfully reloaded assembly
- Completed reload, in  2.436 seconds
Platform modules already initialized, skipping
Refreshing native plugins compatible for Editor in 0.93 ms, found 1 plugins.
Preloading 0 native plugins for Editor in 0.00 ms.
Unloading 2085 Unused Serialized files (Serialized files now loaded: 0)
System memory in use before: 299.7 MB.
System memory in use after: 299.5 MB.

Unloading 9 unused Assets to reduce memory usage. Loaded Objects now: 2591.
Total: 2.163542 ms (FindLiveObjects: 0.201916 ms CreateObjectMapping: 0.050417 ms MarkObjects: 1.575958 ms  DeleteObjects: 0.333875 ms)

========================================================================
Received Import Request.
  Time since last request: 62.136134 seconds.
  path: Assets/Animations/Enemies/zombiegirl_w_kurniawan@Zombie Turn.fbx
  artifactKey: Guid(e41f5b9e964824749b054fa40f72622c) Importer(815301076,1909f56bfc062723c751e8b465ee728b)
Start importing Assets/Animations/Enemies/zombiegirl_w_kurniawan@Zombie Turn.fbx using Guid(e41f5b9e964824749b054fa40f72622c) Importer(815301076,1909f56bfc062723c751e8b465ee728b)  -> (artifact id: '696f7cca2c47bf6d9b0eb6bdcee038b9') in 0.071825 seconds
  Import took 0.076296 seconds .

========================================================================
Received Prepare
Registering precompiled user dll's ...
Registered in 0.010321 seconds.
Begin MonoManager ReloadAssembly
Native extension for WindowsStandalone target not found
Native extension for OSXStandalone target not found
Native extension for WebGL target not found
Refreshing native plugins compatible for Editor in 0.90 ms, found 1 plugins.
Preloading 0 native plugins for Editor in 0.00 ms.
Mono: successfully reloaded assembly
- Completed reload, in  2.793 seconds
Platform modules already initialized, skipping
Refreshing native plugins compatible for Editor in 0.56 ms, found 1 plugins.
Preloading 0 native plugins for Editor in 0.00 ms.
Unloading 2085 Unused Serialized files (Serialized files now loaded: 0)
System memory in use before: 300.3 MB.
System memory in use after: 300.1 MB.

Unloading 9 unused Assets to reduce memory usage. Loaded Objects now: 2594.
Total: 3.807792 ms (FindLiveObjects: 0.237458 ms CreateObjectMapping: 0.057166 ms MarkObjects: 3.114959 ms  DeleteObjects: 0.396625 ms)

========================================================================
Received Prepare
Registering precompiled user dll's ...
Registered in 0.001637 seconds.
Begin MonoManager ReloadAssembly
Native extension for WindowsStandalone target not found
Native extension for OSXStandalone target not found
Native extension for WebGL target not found
Refreshing native plugins compatible for Editor in 0.69 ms, found 1 plugins.
Preloading 0 native plugins for Editor in 0.00 ms.
Mono: successfully reloaded assembly
- Completed reload, in  2.877 seconds
Platform modules already initialized, skipping
Refreshing native plugins compatible for Editor in 0.47 ms, found 1 plugins.
Preloading 0 native plugins for Editor in 0.00 ms.
Unloading 2085 Unused Serialized files (Serialized files now loaded: 0)
System memory in use before: 301.0 MB.
System memory in use after: 300.8 MB.

Unloading 9 unused Assets to reduce memory usage. Loaded Objects now: 2597.
Total: 2.062208 ms (FindLiveObjects: 0.184583 ms CreateObjectMapping: 0.056333 ms MarkObjects: 1.486709 ms  DeleteObjects: 0.333333 ms)

========================================================================
Received Import Request.
  Time since last request: 277.096743 seconds.
  path: Assets/Scripts/Enemy/EnemyAI.cs
  artifactKey: Guid(891acba0245da4cb38f2eb66d28458c2) Importer(815301076,1909f56bfc062723c751e8b465ee728b)
Start importing Assets/Scripts/Enemy/EnemyAI.cs using Guid(891acba0245da4cb38f2eb66d28458c2) Importer(815301076,1909f56bfc062723c751e8b465ee728b)  -> (artifact id: 'b15c9ec8a2dff918d8b0d6865ea970e7') in 0.049968 seconds
  Import took 0.065583 seconds .

========================================================================
Received Import Request.
  Time since last request: 75.896099 seconds.
  path: Assets/Scripts/Enemy/EnemyAI.cs
  artifactKey: Guid(891acba0245da4cb38f2eb66d28458c2) Importer(815301076,1909f56bfc062723c751e8b465ee728b)
Start importing Assets/Scripts/Enemy/EnemyAI.cs using Guid(891acba0245da4cb38f2eb66d28458c2) Importer(815301076,1909f56bfc062723c751e8b465ee728b)  -> (artifact id: '219187e874252147fb99a291927b9db7') in 0.018817 seconds
  Import took 0.084745 seconds .

========================================================================
Received Prepare
Registering precompiled user dll's ...
Registered in 0.002082 seconds.
Begin MonoManager ReloadAssembly
Native extension for WindowsStandalone target not found
Native extension for OSXStandalone target not found
Native extension for WebGL target not found
Refreshing native plugins compatible for Editor in 1.22 ms, found 1 plugins.
Preloading 0 native plugins for Editor in 0.00 ms.
Mono: successfully reloaded assembly
- Completed reload, in  2.656 seconds
Platform modules already initialized, skipping
Refreshing native plugins compatible for Editor in 1.08 ms, found 1 plugins.
Preloading 0 native plugins for Editor in 0.00 ms.
Unloading 2085 Unused Serialized files (Serialized files now loaded: 0)
System memory in use before: 301.7 MB.
System memory in use after: 301.4 MB.

Unloading 9 unused Assets to reduce memory usage. Loaded Objects now: 2600.
Total: 11.990291 ms (FindLiveObjects: 0.440833 ms CreateObjectMapping: 0.060542 ms MarkObjects: 10.861709 ms  DeleteObjects: 0.625709 ms)

========================================================================
Received Prepare
Registering precompiled user dll's ...
Registered in 0.002514 seconds.
Begin MonoManager ReloadAssembly
Native extension for WindowsStandalone target not found
Native extension for OSXStandalone target not found
Native extension for WebGL target not found
Refreshing native plugins compatible for Editor in 0.62 ms, found 1 plugins.
Preloading 0 native plugins for Editor in 0.00 ms.
Mono: successfully reloaded assembly
- Completed reload, in  2.856 seconds
Platform modules already initialized, skipping
Refreshing native plugins compatible for Editor in 0.41 ms, found 1 plugins.
Preloading 0 native plugins for Editor in 0.00 ms.
Unloading 2085 Unused Serialized files (Serialized files now loaded: 0)
System memory in use before: 302.4 MB.
System memory in use after: 302.2 MB.

Unloading 9 unused Assets to reduce memory usage. Loaded Objects now: 2603.
Total: 4.302125 ms (FindLiveObjects: 0.688125 ms CreateObjectMapping: 0.071375 ms MarkObjects: 2.987541 ms  DeleteObjects: 0.552667 ms)

========================================================================
Received Prepare
Registering precompiled user dll's ...
Registered in 0.001826 seconds.
Begin MonoManager ReloadAssembly
Native extension for WindowsStandalone target not found
Native extension for OSXStandalone target not found
Native extension for WebGL target not found
Refreshing native plugins compatible for Editor in 1.11 ms, found 1 plugins.
Preloading 0 native plugins for Editor in 0.00 ms.
Mono: successfully reloaded assembly
- Completed reload, in  2.892 seconds
Platform modules already initialized, skipping
Refreshing native plugins compatible for Editor in 0.57 ms, found 1 plugins.
Preloading 0 native plugins for Editor in 0.00 ms.
Unloading 2085 Unused Serialized files (Serialized files now loaded: 0)
System memory in use before: 303.1 MB.
System memory in use after: 302.9 MB.

Unloading 9 unused Assets to reduce memory usage. Loaded Objects now: 2606.
Total: 11.717708 ms (FindLiveObjects: 0.417459 ms CreateObjectMapping: 0.059833 ms MarkObjects: 10.840958 ms  DeleteObjects: 0.397000 ms)

========================================================================
Received Prepare
Registering precompiled user dll's ...
Registered in 0.002939 seconds.
Begin MonoManager ReloadAssembly
Native extension for WindowsStandalone target not found
Native extension for OSXStandalone target not found
Native extension for WebGL target not found
Refreshing native plugins compatible for Editor in 1.62 ms, found 1 plugins.
Preloading 0 native plugins for Editor in 0.00 ms.
Mono: successfully reloaded assembly
- Completed reload, in  2.953 seconds
Platform modules already initialized, skipping
Refreshing native plugins compatible for Editor in 0.70 ms, found 1 plugins.
Preloading 0 native plugins for Editor in 0.00 ms.
Unloading 2085 Unused Serialized files (Serialized files now loaded: 0)
System memory in use before: 303.9 MB.
System memory in use after: 303.6 MB.

Unloading 9 unused Assets to reduce memory usage. Loaded Objects now: 2609.
Total: 6.866416 ms (FindLiveObjects: 0.463583 ms CreateObjectMapping: 0.068000 ms MarkObjects: 5.852541 ms  DeleteObjects: 0.478583 ms)

========================================================================
Received Prepare
Registering precompiled user dll's ...
Registered in 0.001453 seconds.
Begin MonoManager ReloadAssembly
Native extension for WindowsStandalone target not found
Native extension for OSXStandalone target not found
Native extension for WebGL target not found
Refreshing native plugins compatible for Editor in 1.25 ms, found 1 plugins.
Preloading 0 native plugins for Editor in 0.00 ms.
Mono: successfully reloaded assembly
- Completed reload, in  2.779 seconds
Platform modules already initialized, skipping
Refreshing native plugins compatible for Editor in 0.43 ms, found 1 plugins.
Preloading 0 native plugins for Editor in 0.00 ms.
Unloading 2085 Unused Serialized files (Serialized files now loaded: 0)
System memory in use before: 304.6 MB.
System memory in use after: 304.3 MB.

Unloading 9 unused Assets to reduce memory usage. Loaded Objects now: 2612.
Total: 3.273917 ms (FindLiveObjects: 0.259791 ms CreateObjectMapping: 0.049459 ms MarkObjects: 2.435500 ms  DeleteObjects: 0.527500 ms)

========================================================================
Received Prepare
Registering precompiled user dll's ...
Registered in 0.002161 seconds.
Begin MonoManager ReloadAssembly
Native extension for WindowsStandalone target not found
Native extension for OSXStandalone target not found
Native extension for WebGL target not found
Refreshing native plugins compatible for Editor in 1.26 ms, found 1 plugins.
Preloading 0 native plugins for Editor in 0.00 ms.
Mono: successfully reloaded assembly
- Completed reload, in  3.002 seconds
Platform modules already initialized, skipping
Refreshing native plugins compatible for Editor in 0.57 ms, found 1 plugins.
Preloading 0 native plugins for Editor in 0.00 ms.
Unloading 2085 Unused Serialized files (Serialized files now loaded: 0)
System memory in use before: 305.2 MB.
System memory in use after: 305.0 MB.

Unloading 9 unused Assets to reduce memory usage. Loaded Objects now: 2615.
Total: 2.070792 ms (FindLiveObjects: 0.199250 ms CreateObjectMapping: 0.054166 ms MarkObjects: 1.420834 ms  DeleteObjects: 0.395584 ms)

========================================================================
Received Prepare
Registering precompiled user dll's ...
Registered in 0.001901 seconds.
Begin MonoManager ReloadAssembly
Native extension for WindowsStandalone target not found
Native extension for OSXStandalone target not found
Native extension for WebGL target not found
Refreshing native plugins compatible for Editor in 0.50 ms, found 1 plugins.
Preloading 0 native plugins for Editor in 0.00 ms.
Mono: successfully reloaded assembly
- Completed reload, in  2.883 seconds
Platform modules already initialized, skipping
Refreshing native plugins compatible for Editor in 0.98 ms, found 1 plugins.
Preloading 0 native plugins for Editor in 0.00 ms.
Unloading 2085 Unused Serialized files (Serialized files now loaded: 0)
System memory in use before: 305.9 MB.
System memory in use after: 305.7 MB.

Unloading 9 unused Assets to reduce memory usage. Loaded Objects now: 2618.
Total: 2.366750 ms (FindLiveObjects: 0.190625 ms CreateObjectMapping: 0.061667 ms MarkObjects: 1.738500 ms  DeleteObjects: 0.375000 ms)

========================================================================
Received Prepare
Registering precompiled user dll's ...
Registered in 0.005390 seconds.
Begin MonoManager ReloadAssembly
Native extension for WindowsStandalone target not found
Native extension for OSXStandalone target not found
Native extension for WebGL target not found
Refreshing native plugins compatible for Editor in 1.29 ms, found 1 plugins.
Preloading 0 native plugins for Editor in 0.00 ms.
Mono: successfully reloaded assembly
- Completed reload, in  4.275 seconds
Platform modules already initialized, skipping
Refreshing native plugins compatible for Editor in 1.19 ms, found 1 plugins.
Preloading 0 native plugins for Editor in 0.00 ms.
Unloading 2085 Unused Serialized files (Serialized files now loaded: 0)
System memory in use before: 306.7 MB.
System memory in use after: 306.4 MB.

Unloading 9 unused Assets to reduce memory usage. Loaded Objects now: 2621.
Total: 7.614792 ms (FindLiveObjects: 0.344458 ms CreateObjectMapping: 0.059292 ms MarkObjects: 6.416791 ms  DeleteObjects: 0.791833 ms)

========================================================================
Received Prepare
Registering precompiled user dll's ...
Registered in 0.001449 seconds.
Begin MonoManager ReloadAssembly
Native extension for WindowsStandalone target not found
Native extension for OSXStandalone target not found
Native extension for WebGL target not found
Refreshing native plugins compatible for Editor in 1.00 ms, found 1 plugins.
Preloading 0 native plugins for Editor in 0.00 ms.
Mono: successfully reloaded assembly
- Completed reload, in  2.633 seconds
Platform modules already initialized, skipping
Refreshing native plugins compatible for Editor in 0.80 ms, found 1 plugins.
Preloading 0 native plugins for Editor in 0.00 ms.
Unloading 2085 Unused Serialized files (Serialized files now loaded: 0)
System memory in use before: 307.4 MB.
System memory in use after: 307.2 MB.

Unloading 9 unused Assets to reduce memory usage. Loaded Objects now: 2624.
Total: 2.020959 ms (FindLiveObjects: 0.203750 ms CreateObjectMapping: 0.046208 ms MarkObjects: 1.423833 ms  DeleteObjects: 0.346250 ms)

========================================================================
Received Prepare
Registering precompiled user dll's ...
Registered in 0.002348 seconds.
Begin MonoManager ReloadAssembly
Native extension for WindowsStandalone target not found
Native extension for OSXStandalone target not found
Native extension for WebGL target not found
Refreshing native plugins compatible for Editor in 0.59 ms, found 1 plugins.
Preloading 0 native plugins for Editor in 0.00 ms.
Mono: successfully reloaded assembly
- Completed reload, in  2.480 seconds
Platform modules already initialized, skipping
Refreshing native plugins compatible for Editor in 0.41 ms, found 1 plugins.
Preloading 0 native plugins for Editor in 0.00 ms.
Unloading 2085 Unused Serialized files (Serialized files now loaded: 0)
System memory in use before: 308.2 MB.
System memory in use after: 307.9 MB.

Unloading 9 unused Assets to reduce memory usage. Loaded Objects now: 2627.
Total: 3.117250 ms (FindLiveObjects: 0.336875 ms CreateObjectMapping: 0.044375 ms MarkObjects: 2.122334 ms  DeleteObjects: 0.610667 ms)

========================================================================
Received Prepare
Registering precompiled user dll's ...
Registered in 0.001477 seconds.
Begin MonoManager ReloadAssembly
Native extension for WindowsStandalone target not found
Native extension for OSXStandalone target not found
Native extension for WebGL target not found
Refreshing native plugins compatible for Editor in 0.47 ms, found 1 plugins.
Preloading 0 native plugins for Editor in 0.00 ms.
Mono: successfully reloaded assembly
- Completed reload, in  2.548 seconds
Platform modules already initialized, skipping
Refreshing native plugins compatible for Editor in 0.41 ms, found 1 plugins.
Preloading 0 native plugins for Editor in 0.00 ms.
Unloading 2085 Unused Serialized files (Serialized files now loaded: 0)
System memory in use before: 308.8 MB.
System memory in use after: 308.5 MB.

Unloading 9 unused Assets to reduce memory usage. Loaded Objects now: 2630.
Total: 3.283083 ms (FindLiveObjects: 0.291458 ms CreateObjectMapping: 0.056875 ms MarkObjects: 2.578542 ms  DeleteObjects: 0.355333 ms)

========================================================================
Received Prepare
Registering precompiled user dll's ...
Registered in 0.002196 seconds.
Begin MonoManager ReloadAssembly
Native extension for WindowsStandalone target not found
Native extension for OSXStandalone target not found
Native extension for WebGL target not found
Refreshing native plugins compatible for Editor in 0.58 ms, found 1 plugins.
Preloading 0 native plugins for Editor in 0.00 ms.
Mono: successfully reloaded assembly
- Completed reload, in  2.280 seconds
Platform modules already initialized, skipping
Refreshing native plugins compatible for Editor in 0.40 ms, found 1 plugins.
Preloading 0 native plugins for Editor in 0.00 ms.
Unloading 2085 Unused Serialized files (Serialized files now loaded: 0)
System memory in use before: 309.5 MB.
System memory in use after: 309.2 MB.

Unloading 9 unused Assets to reduce memory usage. Loaded Objects now: 2633.
Total: 1.895834 ms (FindLiveObjects: 0.224542 ms CreateObjectMapping: 0.043750 ms MarkObjects: 1.276917 ms  DeleteObjects: 0.349750 ms)

